Starting run gru-subword with model='gru' tokenization='subword' epochs=100 num_hiddens=128 device=cuda:0
epoch 0 - val-ppl: 1014.5, train-ppl: 1575.7, elapsed_time=16.32s
epoch 1 - val-ppl: 938.9, train-ppl: 982.5, elapsed_time=15.69s
epoch 2 - val-ppl: 884.8, train-ppl: 909.8, elapsed_time=16.57s
epoch 3 - val-ppl: 789.8, train-ppl: 815.3, elapsed_time=16.30s
epoch 4 - val-ppl: 718.0, train-ppl: 732.7, elapsed_time=16.23s
epoch 5 - val-ppl: 643.3, train-ppl: 649.2, elapsed_time=16.26s
epoch 6 - val-ppl: 547.3, train-ppl: 571.0, elapsed_time=16.18s
epoch 7 - val-ppl: 468.9, train-ppl: 483.5, elapsed_time=16.19s
epoch 8 - val-ppl: 397.0, train-ppl: 401.1, elapsed_time=16.21s
epoch 9 - val-ppl: 331.8, train-ppl: 332.6, elapsed_time=16.17s
<BOS> yes <EOS>
<BOS> tesla is a lot of the lot of the lot of the lot of the lot of the lot of the lot of the lot of the lot of the lot of the lot of the lot of the lot of the lot of the lot of the lot of the lot of the lot of the lot of the lot of the lot of the lot of the lot of the lot of the lot of the lot of the lot of the lot of the lot of the lot of the lot of the lot of the lot of
<BOS> i think it <EOS>
<BOS> satellites <EOS>
<BOS> tour <EOS>
<BOS> cool <EOS>
<BOS> owner <EOS>
epoch 10 - val-ppl: 281.6, train-ppl: 276.4, elapsed_time=16.25s
epoch 11 - val-ppl: 246.8, train-ppl: 235.7, elapsed_time=16.17s
epoch 12 - val-ppl: 212.3, train-ppl: 201.9, elapsed_time=16.25s
epoch 13 - val-ppl: 188.6, train-ppl: 176.8, elapsed_time=16.27s
epoch 14 - val-ppl: 166.1, train-ppl: 154.4, elapsed_time=16.25s
epoch 15 - val-ppl: 147.4, train-ppl: 135.2, elapsed_time=16.27s
epoch 16 - val-ppl: 132.9, train-ppl: 121.7, elapsed_time=16.13s
epoch 17 - val-ppl: 118.9, train-ppl: 107.4, elapsed_time=16.23s
epoch 18 - val-ppl: 107.4, train-ppl: 95.6, elapsed_time=16.22s
epoch 19 - val-ppl: 96.3, train-ppl: 84.9, elapsed_time=16.27s
<BOS> yes <EOS>
<BOS> tesla solar ##glass roof <EOS>
<BOS> i love the best <EOS>
<BOS> motivation ##s are the best <EOS>
<BOS> 70 it is the best car ever <EOS>
<BOS> bleak . <EOS>
<BOS> anyone who ##op who ##op ! <EOS>
epoch 20 - val-ppl: 86.6, train-ppl: 76.0, elapsed_time=16.19s
epoch 21 - val-ppl: 78.0, train-ppl: 68.8, elapsed_time=16.16s
epoch 22 - val-ppl: 70.9, train-ppl: 61.0, elapsed_time=16.18s
epoch 23 - val-ppl: 64.5, train-ppl: 55.7, elapsed_time=16.15s
epoch 24 - val-ppl: 58.6, train-ppl: 50.1, elapsed_time=16.21s
epoch 25 - val-ppl: 53.7, train-ppl: 45.6, elapsed_time=16.18s
epoch 26 - val-ppl: 49.1, train-ppl: 41.6, elapsed_time=16.17s
epoch 27 - val-ppl: 44.8, train-ppl: 38.1, elapsed_time=16.19s
epoch 28 - val-ppl: 41.2, train-ppl: 34.8, elapsed_time=16.22s
epoch 29 - val-ppl: 38.5, train-ppl: 32.2, elapsed_time=16.15s
<BOS> yes <EOS>
<BOS> tesla is working hard to develop a car in the car . <EOS>
<BOS> i love your castle <EOS>
<BOS> hollywood refuses to say that he was a real thing <EOS>
<BOS> bolted <EOS>
<BOS> pool <EOS>
<BOS> sue you ! <EOS>
epoch 30 - val-ppl: 35.8, train-ppl: 29.5, elapsed_time=16.19s
epoch 31 - val-ppl: 33.1, train-ppl: 27.8, elapsed_time=16.17s
epoch 32 - val-ppl: 31.0, train-ppl: 25.6, elapsed_time=16.16s
epoch 33 - val-ppl: 28.9, train-ppl: 23.9, elapsed_time=16.20s
epoch 34 - val-ppl: 27.4, train-ppl: 22.4, elapsed_time=16.20s
epoch 35 - val-ppl: 25.8, train-ppl: 21.1, elapsed_time=16.55s
epoch 36 - val-ppl: 24.3, train-ppl: 19.8, elapsed_time=17.63s
epoch 37 - val-ppl: 22.7, train-ppl: 18.7, elapsed_time=16.34s
epoch 38 - val-ppl: 21.4, train-ppl: 17.5, elapsed_time=15.96s
epoch 39 - val-ppl: 20.4, train-ppl: 16.8, elapsed_time=16.92s
<BOS> yes <EOS>
<BOS> tesla is working hard to help stop global warming <EOS>
<BOS> i love your castle <EOS>
<BOS> liam nee ##son ' s actually my eyebrows too <EOS>
<BOS> atmosphere ##s <EOS>
<BOS> secretary . will do that on a few months <EOS>
<BOS> 51 sec on a beautiful whistle ! <EOS>
epoch 40 - val-ppl: 19.1, train-ppl: 15.9, elapsed_time=16.97s
epoch 41 - val-ppl: 18.2, train-ppl: 15.2, elapsed_time=15.92s
epoch 42 - val-ppl: 17.4, train-ppl: 14.5, elapsed_time=16.32s
epoch 43 - val-ppl: 16.9, train-ppl: 13.8, elapsed_time=16.19s
epoch 44 - val-ppl: 15.9, train-ppl: 13.2, elapsed_time=15.83s
epoch 45 - val-ppl: 15.3, train-ppl: 12.6, elapsed_time=15.77s
epoch 46 - val-ppl: 14.5, train-ppl: 12.1, elapsed_time=16.19s
epoch 47 - val-ppl: 14.1, train-ppl: 11.7, elapsed_time=16.05s
epoch 48 - val-ppl: 13.5, train-ppl: 11.2, elapsed_time=16.36s
epoch 49 - val-ppl: 12.9, train-ppl: 10.8, elapsed_time=16.70s
<BOS> yes <EOS>
<BOS> tesla is working hard to help stop global warming <EOS>
<BOS> i think so <EOS>
<BOS> danielle ! <EOS>
<BOS> foods & amp ; me ##mes are modern me . will find . <EOS>
<BOS> scored / 100 safety of solar auto ##pi ##lot miles per accident than sec on auto ##pi ##lot by auto ##pi ##lot by ( mph ) <EOS>
<BOS> european must remain alert : not work <EOS>
epoch 50 - val-ppl: 12.3, train-ppl: 10.4, elapsed_time=15.88s
epoch 51 - val-ppl: 11.9, train-ppl: 10.0, elapsed_time=16.19s
epoch 52 - val-ppl: 11.6, train-ppl: 9.7, elapsed_time=16.40s
epoch 53 - val-ppl: 11.2, train-ppl: 9.4, elapsed_time=16.03s
epoch 54 - val-ppl: 10.8, train-ppl: 9.1, elapsed_time=15.86s
epoch 55 - val-ppl: 10.4, train-ppl: 8.8, elapsed_time=15.83s
epoch 56 - val-ppl: 10.0, train-ppl: 8.6, elapsed_time=15.83s
epoch 57 - val-ppl: 9.9, train-ppl: 8.3, elapsed_time=16.26s
epoch 58 - val-ppl: 9.5, train-ppl: 8.1, elapsed_time=15.91s
epoch 59 - val-ppl: 9.1, train-ppl: 7.9, elapsed_time=16.26s
<BOS> yes <EOS>
<BOS> tesla is working hard to help stop global warming <EOS>
<BOS> i think so <EOS>
<BOS> ##eti ##ng a tv ##c engine engine chamber pressure is high nose . ) . <EOS>
<BOS> immunity for frequent daily test , so hopefully so as we have to confirm no significant improvements , high pressure air force . <EOS>
<BOS> parties in a storm watch to active ##tor ever ever made for next week <EOS>
<BOS> mod to space ##x launch site in august <EOS>
epoch 60 - val-ppl: 8.9, train-ppl: 7.6, elapsed_time=15.88s
epoch 61 - val-ppl: 8.7, train-ppl: 7.5, elapsed_time=16.58s
epoch 62 - val-ppl: 8.4, train-ppl: 7.3, elapsed_time=16.67s
epoch 63 - val-ppl: 8.2, train-ppl: 7.1, elapsed_time=16.36s
epoch 64 - val-ppl: 7.9, train-ppl: 6.9, elapsed_time=16.13s
epoch 65 - val-ppl: 7.8, train-ppl: 6.7, elapsed_time=15.97s
epoch 66 - val-ppl: 7.6, train-ppl: 6.6, elapsed_time=16.29s
epoch 67 - val-ppl: 7.5, train-ppl: 6.5, elapsed_time=16.05s
epoch 68 - val-ppl: 7.2, train-ppl: 6.3, elapsed_time=16.08s
epoch 69 - val-ppl: 7.1, train-ppl: 6.2, elapsed_time=16.04s
<BOS> yes <EOS>
<BOS> tesla solar ##glass vs happy halloween ! ! <EOS>
<BOS> i love the suggestions ! <EOS>
<BOS> ass ##es of a great book with my g year in like es ##co ##bar and he dare you were in a little <EOS>
<BOS> henri , le chat noir . cam ##us in cat form <EOS>
<BOS> holm ##an jenkins & amp ; w ##s ##j in general are sock puppets of big oil <EOS>
<BOS> interests of the subject of f . <EOS>
epoch 70 - val-ppl: 6.9, train-ppl: 6.1, elapsed_time=15.92s
epoch 71 - val-ppl: 7.0, train-ppl: 6.0, elapsed_time=15.94s
epoch 72 - val-ppl: 6.7, train-ppl: 5.8, elapsed_time=16.16s
epoch 73 - val-ppl: 6.5, train-ppl: 5.7, elapsed_time=16.00s
epoch 74 - val-ppl: 6.3, train-ppl: 5.6, elapsed_time=15.93s
epoch 75 - val-ppl: 6.2, train-ppl: 5.5, elapsed_time=16.02s
epoch 76 - val-ppl: 6.1, train-ppl: 5.4, elapsed_time=16.26s
epoch 77 - val-ppl: 6.0, train-ppl: 5.3, elapsed_time=16.14s
epoch 78 - val-ppl: 5.9, train-ppl: 5.2, elapsed_time=16.06s
epoch 79 - val-ppl: 5.8, train-ppl: 5.2, elapsed_time=15.92s
<BOS> yes <EOS>
<BOS> tesla is working hard to help stop global warming <EOS>
<BOS> i think so <EOS>
<BOS> temporary spike in some areas due to x rd row seat recall . should be sorted by june . <EOS>
<BOS> restore , i just made the whole new cell , which is about a small number of any company , which is ~ 1000 years without than earth combined for earth , so that may be less than % to % <EOS>
<BOS> ##ind ##led , but is calling & amp ; onboard neural net are very saying you , but its electric car , especially with pie ##d structure . 0 + , but starts rolling out today . tesla will do us cars with both software & amp ; hardware rev on the tesla software . <EOS>
<BOS> thence to mars . <EOS>
epoch 80 - val-ppl: 5.7, train-ppl: 5.1, elapsed_time=16.14s
epoch 81 - val-ppl: 5.7, train-ppl: 5.0, elapsed_time=16.12s
epoch 82 - val-ppl: 5.5, train-ppl: 4.9, elapsed_time=16.21s
epoch 83 - val-ppl: 5.4, train-ppl: 4.8, elapsed_time=16.34s
epoch 84 - val-ppl: 5.3, train-ppl: 4.8, elapsed_time=16.15s
epoch 85 - val-ppl: 5.3, train-ppl: 4.7, elapsed_time=15.88s
epoch 86 - val-ppl: 5.2, train-ppl: 4.6, elapsed_time=15.88s
epoch 87 - val-ppl: 5.0, train-ppl: 4.6, elapsed_time=15.85s
epoch 88 - val-ppl: 5.1, train-ppl: 4.5, elapsed_time=16.68s
epoch 89 - val-ppl: 4.9, train-ppl: 4.4, elapsed_time=16.08s
<BOS> yes <EOS>
<BOS> tesla is working hard to help stop global warming <EOS>
<BOS> i hope so <EOS>
<BOS> wrap it in the model s cars in la and x with completing all tesla owners . will be able to buy a week at star ##base surge . <EOS>
<BOS> nobel prize appreciation ! ! <EOS>
<BOS> vernacular , this exact white cat ##ving to govt tunnel for releases , it will make sure a few seconds . we do expect to add to buy a day . <EOS>
<BOS> electric cars made with sunlight <EOS>
epoch 90 - val-ppl: 4.8, train-ppl: 4.4, elapsed_time=16.20s
epoch 91 - val-ppl: 4.9, train-ppl: 4.3, elapsed_time=16.21s
epoch 92 - val-ppl: 4.7, train-ppl: 4.3, elapsed_time=16.01s
epoch 93 - val-ppl: 4.6, train-ppl: 4.2, elapsed_time=16.02s
epoch 94 - val-ppl: 4.6, train-ppl: 4.2, elapsed_time=16.40s
epoch 95 - val-ppl: 4.5, train-ppl: 4.1, elapsed_time=15.99s
epoch 96 - val-ppl: 4.5, train-ppl: 4.1, elapsed_time=16.12s
epoch 97 - val-ppl: 4.4, train-ppl: 4.0, elapsed_time=15.94s
epoch 98 - val-ppl: 4.3, train-ppl: 4.0, elapsed_time=15.83s
epoch 99 - val-ppl: 4.2, train-ppl: 3.9, elapsed_time=15.90s
<BOS> yes <EOS>
<BOS> tesla is working hard to help stop global warming <EOS>
<BOS> i think so <EOS>
<BOS> rule <EOS>
<BOS> ##t work . we spent a lot of time on tesla team . working on it . <EOS>
<BOS> tick ##les <EOS>
<BOS> projects with beautiful metal in cold using tesla for the first time , if your ##e all the future feature <EOS>
<BOS> yes <EOS>
train results (ppl):
[1575.725427377772, 982.5428999421733, 909.8375016663546, 815.2689331841323, 732.7161151430971, 649.1942913588705, 570.951053140661, 483.45074381874383, 401.0684968712595, 332.5945358366403, 276.3811632012131, 235.68751611262238, 201.88243909289258, 176.75113187566657, 154.35618396267384, 135.21671202263684, 121.72122200696508, 107.3732802802944, 95.56201974886265, 84.86045486849602, 76.02684764088642, 68.81969425264487, 60.99101055097359, 55.72832287219007, 50.09412756344908, 45.5897620767798, 41.635930610465955, 38.06131791733797, 34.83060525654831, 32.165283826436706, 29.520269851844564, 27.752244317312115, 25.647668088394397, 23.878961818296382, 22.391000448369294, 21.097216804691328, 19.830092783161955, 18.674713028488338, 17.547739654814066, 16.761554456058555, 15.865049577948309, 15.152416505310946, 14.451712141330114, 13.840695578058076, 13.183329676447624, 12.577387178340055, 12.126113142070304, 11.683900405322294, 11.245869360076819, 10.815539405507353, 10.433818823621877, 10.025336197972246, 9.702396599514005, 9.401997371189433, 9.1476338381997, 8.779158514815196, 8.566296079391918, 8.309109748090721, 8.08239675729906, 7.8862826472231715, 7.638866873563258, 7.451068137538809, 7.265090862067571, 7.079802304544272, 6.914249074270459, 6.725154313985473, 6.587012141258229, 6.47252593050138, 6.316922122335145, 6.183017916546061, 6.057598330339354, 5.963326902367067, 5.844716319977283, 5.732036269897822, 5.631193600192309, 5.508856743901829, 5.445990544044633, 5.346707305672977, 5.248442678070346, 5.152610862865268, 5.07637279071375, 4.984284608878874, 4.893433770849253, 4.840641751442721, 4.7634693655564515, 4.700456196145438, 4.620660789783665, 4.567569989133445, 4.510596485876668, 4.449514894552928, 4.379942219917238, 4.329466952472563, 4.283449998284806, 4.231617937317583, 4.173600607107875, 4.122970875870216, 4.062399607964434, 4.0045331165845255, 3.9902674518523127, 3.9354059634078276]
val results (ppl):
[1014.4619424942999, 938.8544206643659, 884.7949191689452, 789.7960534192241, 717.9866887439562, 643.2566729526652, 547.3482249387228, 468.911371802441, 397.034572917484, 331.8150898569881, 281.59533249458394, 246.75468858060978, 212.28954964984555, 188.59013989304523, 166.11570192847694, 147.41606941588321, 132.93316439059072, 118.88096970585377, 107.42732336785774, 96.27266871745371, 86.62701032318375, 78.04675446084246, 70.88122564579177, 64.51456933675395, 58.56944954299983, 53.709073457974085, 49.13078870295478, 44.820252363990164, 41.20777331588417, 38.471354100820925, 35.7553247270263, 33.086283883324526, 30.975942227303154, 28.91093420549953, 27.428943642112827, 25.776843473675402, 24.29141696021997, 22.689542805908257, 21.42139330776238, 20.434391226458892, 19.13254679073668, 18.201096008191765, 17.403922264932415, 16.855780085532, 15.91539257269568, 15.315112770437057, 14.535477354801005, 14.076268245057467, 13.474250670613515, 12.926506347434735, 12.26783414264367, 11.894781382131956, 11.582991817184608, 11.20990566755, 10.767348454601084, 10.378902532361224, 10.028366961811754, 9.892754012905774, 9.542791772032574, 9.131753643273958, 8.930641714376886, 8.687302090652848, 8.445060618526023, 8.235578142236129, 7.939329949345906, 7.81995972036219, 7.647385670830122, 7.486964780718406, 7.235380558014379, 7.098059811446534, 6.904223965985273, 7.017529966008885, 6.65948197137853, 6.512592323290276, 6.338240886240935, 6.2390853127134775, 6.136546000357598, 6.021193104738186, 5.879905107960301, 5.811168426867624, 5.66889609553628, 5.688572026478483, 5.503052585560166, 5.382596604642781, 5.307594267545393, 5.3068445296798075, 5.220925493392611, 5.018836918824533, 5.080130334953438, 4.924106697418219, 4.829217353136559, 4.872393664829494, 4.6608054933440455, 4.640332410168012, 4.566607357642727, 4.4901379618033275, 4.465814696334531, 4.409997176383498, 4.302971130382434, 4.238371796092681]
------------------
