Starting run rnn_scr-subword with model='rnn_scratch' tokenization='subword' epochs=100 num_hiddens=128 device=cuda:0
epoch 0 - val-ppl: 944.0, train-ppl: 1331.6, elapsed_time=14.07s
epoch 1 - val-ppl: 882.4, train-ppl: 917.5, elapsed_time=13.96s
epoch 2 - val-ppl: 655.8, train-ppl: 746.2, elapsed_time=14.30s
epoch 3 - val-ppl: 484.3, train-ppl: 542.1, elapsed_time=14.22s
epoch 4 - val-ppl: 376.3, train-ppl: 400.0, elapsed_time=13.89s
epoch 5 - val-ppl: 305.5, train-ppl: 313.2, elapsed_time=13.94s
epoch 6 - val-ppl: 258.4, train-ppl: 261.0, elapsed_time=14.10s
epoch 7 - val-ppl: 226.4, train-ppl: 219.5, elapsed_time=14.06s
epoch 8 - val-ppl: 201.5, train-ppl: 189.8, elapsed_time=14.14s
epoch 9 - val-ppl: 179.5, train-ppl: 166.0, elapsed_time=14.20s
<BOS> yes <EOS>
<BOS> tesla is a great idea <EOS>
<BOS> i think it is a great idea <EOS>
<BOS> ##bit <EOS>
<BOS> libraries <EOS>
<BOS> doesn ##t have a lot of the tesla team ! <EOS>
<BOS> mono <EOS>
epoch 10 - val-ppl: 157.0, train-ppl: 145.1, elapsed_time=14.11s
epoch 11 - val-ppl: 142.8, train-ppl: 128.8, elapsed_time=14.18s
epoch 12 - val-ppl: 129.8, train-ppl: 114.7, elapsed_time=13.82s
epoch 13 - val-ppl: 119.3, train-ppl: 103.9, elapsed_time=14.50s
epoch 14 - val-ppl: 107.7, train-ppl: 93.9, elapsed_time=14.51s
epoch 15 - val-ppl: 98.9, train-ppl: 85.2, elapsed_time=14.67s
epoch 16 - val-ppl: 91.7, train-ppl: 79.0, elapsed_time=14.05s
epoch 17 - val-ppl: 84.1, train-ppl: 72.0, elapsed_time=14.34s
epoch 18 - val-ppl: 79.4, train-ppl: 66.6, elapsed_time=14.17s
epoch 19 - val-ppl: 73.0, train-ppl: 61.4, elapsed_time=14.23s
<BOS> yes <EOS>
<BOS> tesla is working hard to be a lot of time to go out of the world . <EOS>
<BOS> i love this <EOS>
<BOS> ##bos ##s down on the inside <EOS>
<BOS> feat <EOS>
<BOS> wa ##ck is a great <EOS>
<BOS> narrow america <EOS>
epoch 20 - val-ppl: 68.4, train-ppl: 56.9, elapsed_time=14.04s
epoch 21 - val-ppl: 63.7, train-ppl: 53.5, elapsed_time=13.90s
epoch 22 - val-ppl: 60.2, train-ppl: 49.2, elapsed_time=13.94s
epoch 23 - val-ppl: 56.7, train-ppl: 46.7, elapsed_time=13.82s
epoch 24 - val-ppl: 52.9, train-ppl: 43.5, elapsed_time=13.80s
epoch 25 - val-ppl: 50.1, train-ppl: 41.0, elapsed_time=14.22s
epoch 26 - val-ppl: 47.6, train-ppl: 38.9, elapsed_time=14.10s
epoch 27 - val-ppl: 44.8, train-ppl: 36.7, elapsed_time=13.75s
epoch 28 - val-ppl: 42.7, train-ppl: 34.9, elapsed_time=14.29s
epoch 29 - val-ppl: 40.9, train-ppl: 33.2, elapsed_time=13.96s
<BOS> yes <EOS>
<BOS> tesla solar ##glass roof <EOS>
<BOS> i love the suggestions ! <EOS>
<BOS> ##tsa is great <EOS>
<BOS> denied tesla a day in the world <EOS>
<BOS> iphone is the most likely <EOS>
<BOS> ##do toast & amp ; on the moon <EOS>
epoch 30 - val-ppl: 39.4, train-ppl: 31.4, elapsed_time=13.83s
epoch 31 - val-ppl: 37.0, train-ppl: 30.3, elapsed_time=14.30s
epoch 32 - val-ppl: 35.2, train-ppl: 28.7, elapsed_time=14.67s
epoch 33 - val-ppl: 33.6, train-ppl: 27.3, elapsed_time=14.80s
epoch 34 - val-ppl: 32.6, train-ppl: 26.2, elapsed_time=14.47s
epoch 35 - val-ppl: 31.4, train-ppl: 25.2, elapsed_time=14.14s
epoch 36 - val-ppl: 30.2, train-ppl: 24.3, elapsed_time=14.23s
epoch 37 - val-ppl: 28.9, train-ppl: 23.3, elapsed_time=14.19s
epoch 38 - val-ppl: 27.6, train-ppl: 22.2, elapsed_time=14.72s
epoch 39 - val-ppl: 26.6, train-ppl: 21.6, elapsed_time=14.23s
<BOS> yes <EOS>
<BOS> tesla model s plaid is moving at <EOS>
<BOS> i love the suggestions ! <EOS>
<BOS> gasoline is designed to burn <EOS>
<BOS> lending last week to be super ##sonic <EOS>
<BOS> maj ##ji ##rao mast ##ani <EOS>
<BOS> ten times more fun <EOS>
epoch 40 - val-ppl: 25.7, train-ppl: 20.8, elapsed_time=14.19s
epoch 41 - val-ppl: 24.7, train-ppl: 20.2, elapsed_time=14.62s
epoch 42 - val-ppl: 24.1, train-ppl: 19.5, elapsed_time=14.49s
epoch 43 - val-ppl: 23.3, train-ppl: 19.1, elapsed_time=13.93s
epoch 44 - val-ppl: 22.5, train-ppl: 18.4, elapsed_time=13.99s
epoch 45 - val-ppl: 22.3, train-ppl: 17.7, elapsed_time=14.39s
epoch 46 - val-ppl: 21.0, train-ppl: 17.3, elapsed_time=14.15s
epoch 47 - val-ppl: 20.6, train-ppl: 16.9, elapsed_time=14.11s
epoch 48 - val-ppl: 20.1, train-ppl: 16.4, elapsed_time=14.22s
epoch 49 - val-ppl: 19.6, train-ppl: 15.9, elapsed_time=14.24s
<BOS> yes <EOS>
<BOS> tesla solar ##glass roof <EOS>
<BOS> i think so <EOS>
<BOS> claim to be progressive <EOS>
<BOS> contempt <EOS>
<BOS> ##ctable wheel drive <EOS>
<BOS> eventual extinction event gas and lifts <EOS>
epoch 50 - val-ppl: 18.7, train-ppl: 15.5, elapsed_time=14.07s
epoch 51 - val-ppl: 18.2, train-ppl: 15.0, elapsed_time=13.91s
epoch 52 - val-ppl: 18.0, train-ppl: 14.7, elapsed_time=14.25s
epoch 53 - val-ppl: 17.6, train-ppl: 14.4, elapsed_time=14.72s
epoch 54 - val-ppl: 17.1, train-ppl: 14.1, elapsed_time=14.26s
epoch 55 - val-ppl: 16.7, train-ppl: 13.6, elapsed_time=14.31s
epoch 56 - val-ppl: 16.3, train-ppl: 13.4, elapsed_time=14.09s
epoch 57 - val-ppl: 16.4, train-ppl: 13.1, elapsed_time=14.16s
epoch 58 - val-ppl: 15.9, train-ppl: 12.9, elapsed_time=14.07s
epoch 59 - val-ppl: 15.3, train-ppl: 12.8, elapsed_time=13.89s
<BOS> yes <EOS>
<BOS> tesla solar ##glass roof <EOS>
<BOS> i have the t - shirt <EOS>
<BOS> transfer a million miles of the engines <EOS>
<BOS> ##nad ##o is real <EOS>
<BOS> puerto rico too team is a little dry . ah , the dr ##oids can now hold down the center core <EOS>
<BOS> manufacture . <EOS>
epoch 60 - val-ppl: 15.8, train-ppl: 12.5, elapsed_time=14.02s
epoch 61 - val-ppl: 14.8, train-ppl: 12.2, elapsed_time=14.03s
epoch 62 - val-ppl: 14.5, train-ppl: 12.0, elapsed_time=14.30s
epoch 63 - val-ppl: 14.8, train-ppl: 11.8, elapsed_time=14.13s
epoch 64 - val-ppl: 14.2, train-ppl: 11.6, elapsed_time=14.18s
epoch 65 - val-ppl: 14.0, train-ppl: 11.4, elapsed_time=14.26s
epoch 66 - val-ppl: 13.7, train-ppl: 11.2, elapsed_time=14.15s
epoch 67 - val-ppl: 13.6, train-ppl: 11.2, elapsed_time=14.25s
epoch 68 - val-ppl: 13.9, train-ppl: 10.9, elapsed_time=14.58s
epoch 69 - val-ppl: 13.6, train-ppl: 10.8, elapsed_time=14.38s
<BOS> yes <EOS>
<BOS> tesla solar ##glass roof <EOS>
<BOS> i love the suggestions ! <EOS>
<BOS> ##bir <EOS>
<BOS> jointly with tesla and radio flyer <EOS>
<BOS> conditions before clicking accept ! <EOS>
<BOS> outright witchcraft . <EOS>
epoch 70 - val-ppl: 12.8, train-ppl: 10.7, elapsed_time=14.00s
epoch 71 - val-ppl: 12.6, train-ppl: 10.6, elapsed_time=13.99s
epoch 72 - val-ppl: 12.3, train-ppl: 10.4, elapsed_time=14.47s
epoch 73 - val-ppl: 12.2, train-ppl: 10.3, elapsed_time=14.21s
epoch 74 - val-ppl: 12.2, train-ppl: 10.2, elapsed_time=14.24s
epoch 75 - val-ppl: 11.8, train-ppl: 10.0, elapsed_time=14.01s
epoch 76 - val-ppl: 11.7, train-ppl: 9.9, elapsed_time=13.95s
epoch 77 - val-ppl: 12.0, train-ppl: 9.8, elapsed_time=13.95s
epoch 78 - val-ppl: 11.8, train-ppl: 9.7, elapsed_time=14.06s
epoch 79 - val-ppl: 11.7, train-ppl: 9.7, elapsed_time=14.31s
<BOS> yes <EOS>
<BOS> tesla solar ##glass roof <EOS>
<BOS> i think so <EOS>
<BOS> becoming multi ##plane ##tary is essential to extending dramatically the probable lifespan of civilization <EOS>
<BOS> undergoing final validation per year <EOS>
<BOS> aug should be the future product system in <EOS>
<BOS> ##ours , like humanity <EOS>
epoch 80 - val-ppl: 11.3, train-ppl: 9.5, elapsed_time=14.05s
epoch 81 - val-ppl: 11.8, train-ppl: 9.4, elapsed_time=13.95s
epoch 82 - val-ppl: 11.3, train-ppl: 9.3, elapsed_time=13.96s
epoch 83 - val-ppl: 10.9, train-ppl: 9.2, elapsed_time=13.98s
epoch 84 - val-ppl: 10.8, train-ppl: 9.2, elapsed_time=13.94s
epoch 85 - val-ppl: 11.1, train-ppl: 9.0, elapsed_time=13.98s
epoch 86 - val-ppl: 12.6, train-ppl: 8.9, elapsed_time=14.07s
epoch 87 - val-ppl: 10.6, train-ppl: 8.9, elapsed_time=13.93s
epoch 88 - val-ppl: 10.6, train-ppl: 8.8, elapsed_time=14.11s
epoch 89 - val-ppl: 10.3, train-ppl: 8.8, elapsed_time=13.98s
<BOS> yes <EOS>
<BOS> tesla model s plaid is alien technology <EOS>
<BOS> i am become me ##me <EOS>
<BOS> vault in hawthorne , but tracking to weeks after test flight by end of next year . <EOS>
<BOS> ##ng all at tesla gr injuries is coming very soon ! <EOS>
<BOS> transporting people did earth - <EOS>
<BOS> ##dou ##che ! <EOS>
epoch 90 - val-ppl: 10.3, train-ppl: 8.6, elapsed_time=13.98s
epoch 91 - val-ppl: 10.6, train-ppl: 8.6, elapsed_time=13.91s
epoch 92 - val-ppl: 10.0, train-ppl: 8.6, elapsed_time=13.92s
epoch 93 - val-ppl: 10.3, train-ppl: 8.5, elapsed_time=13.98s
epoch 94 - val-ppl: 9.9, train-ppl: 8.4, elapsed_time=14.00s
epoch 95 - val-ppl: 9.9, train-ppl: 8.4, elapsed_time=14.00s
epoch 96 - val-ppl: 10.0, train-ppl: 8.2, elapsed_time=14.19s
epoch 97 - val-ppl: 9.6, train-ppl: 8.2, elapsed_time=14.41s
epoch 98 - val-ppl: 9.4, train-ppl: 8.1, elapsed_time=14.34s
epoch 99 - val-ppl: 9.3, train-ppl: 8.1, elapsed_time=14.15s
<BOS> yes <EOS>
<BOS> tesla is working hard to help stop global warming <EOS>
<BOS> i think so <EOS>
<BOS> prize once <EOS>
<BOS> herald <EOS>
<BOS> crushing it ! <EOS>
<BOS> ##glass vs : thing ! <EOS>
<BOS> yes <EOS>
train results (ppl):
[1331.6188122305477, 917.4559286750048, 746.158984826054, 542.0786252322794, 400.03896350953, 313.1744424154996, 260.96553007260235, 219.51543506726168, 189.77449171336252, 165.9757298117336, 145.1363615441482, 128.795446909143, 114.74857230071254, 103.86658164173866, 93.9339955532391, 85.15142929159005, 78.99150322757919, 71.9705313521619, 66.60973550711698, 61.35177807158581, 56.88560131647545, 53.46001075241267, 49.20404596914384, 46.66183061156979, 43.51307522215676, 40.96087460778178, 38.86743304006271, 36.73688916473624, 34.91834473715137, 33.199652940086814, 31.368186253348497, 30.273653041263895, 28.707751950001065, 27.302199485366227, 26.173500117232646, 25.17928563393082, 24.272715011567605, 23.27741180977057, 22.24851060953472, 21.575328728993696, 20.792854686244187, 20.154444765522808, 19.527153761692478, 19.051457193221626, 18.36675987362618, 17.721618753775168, 17.33720149439369, 16.887910757705114, 16.363379896414934, 15.882733884202166, 15.45805398919631, 15.006785712880529, 14.688892202370477, 14.39259778200054, 14.117389321444909, 13.61502976154341, 13.432137674054665, 13.109525460578864, 12.930251437093126, 12.77555602645433, 12.483724040517423, 12.237521429102785, 11.974815981255718, 11.764991156890648, 11.582420619639127, 11.362701665402776, 11.216853987877956, 11.20160911139575, 10.898486944564318, 10.844968774414205, 10.670973150140489, 10.585459923641588, 10.420360920191936, 10.322280669909501, 10.194913849028909, 10.040545561991133, 9.922875935305857, 9.845531171040205, 9.731753369960773, 9.657186246435424, 9.533986492008818, 9.426778161319787, 9.282453530767732, 9.198353172499488, 9.163440896254265, 9.008886224533065, 8.935125899367465, 8.94804096924149, 8.817271382422044, 8.769717835764578, 8.607308888333455, 8.603570693528638, 8.593087526155914, 8.509064649288144, 8.418502984870592, 8.371470118423266, 8.230323242983223, 8.153599334783099, 8.148280210353064, 8.110036473851789]
val results (ppl):
[943.9945958820643, 882.4217821206, 655.8145478834041, 484.28132894457895, 376.2716695060577, 305.5237826481725, 258.4153019901426, 226.4051718992003, 201.46554850087466, 179.4946739826537, 156.97816937185186, 142.81688778152335, 129.7721514590237, 119.29799460869576, 107.65609469770794, 98.91183321849728, 91.72257795442428, 84.06423566349659, 79.43439355918, 73.0055880893323, 68.39607992434797, 63.72033506166462, 60.16578258318275, 56.74712149684781, 52.94395285267609, 50.10906167244466, 47.62596037307558, 44.84275769783622, 42.72819834436571, 40.948356457585206, 39.38524686863473, 37.038337745051486, 35.22499044193424, 33.64006130857333, 32.553726106997736, 31.399790102574308, 30.234805440088877, 28.891048178229088, 27.565421961727424, 26.646928764584015, 25.68099579463404, 24.70849001233655, 24.061129770033308, 23.348434928148915, 22.539066198679418, 22.291667088341804, 21.035741991391177, 20.592797984700002, 20.107025544712922, 19.569311611045233, 18.703735599675596, 18.202890997112153, 17.98601171645838, 17.606047203825632, 17.052101518614457, 16.72525874367411, 16.253125534182917, 16.443761987015222, 15.863567324656897, 15.253620714130308, 15.826847278063411, 14.807759869933285, 14.498170320001698, 14.75830369157318, 14.182319615338734, 13.974019907825037, 13.689407453524, 13.649803157115315, 13.930893192813734, 13.616851283366628, 12.804337470966674, 12.610519994511735, 12.302330046256523, 12.199168127180332, 12.189156782624298, 11.837430009336751, 11.68515841085495, 11.99054108251373, 11.760489680579655, 11.669092595195881, 11.307815087010434, 11.764790025942057, 11.327922007190859, 10.94849628268159, 10.801733521215692, 11.064055457312707, 12.5705100660546, 10.630865667430173, 10.550276811864789, 10.275369127937736, 10.29186436966127, 10.558651909354, 9.963734408121464, 10.269557673449702, 9.93213590471953, 9.920709140618637, 10.024054061772599, 9.61560639659533, 9.420288196336427, 9.329904375191761]
------------------
